<?xml version="1.0" encoding="UTF-8"?>
<!-- Generated by org.testng.reporters.JUnitXMLReporter -->
<testsuite hostname="11WF7H2" ignored="0" name="Default test" tests="4" failures="0" timestamp="2021-08-12T12:37:26 BST" time="0.062" errors="0">
  <testcase name="test_Products_Selection" time="0.019" classname="com.collinsongroup.test_cases.regression.VendingMachineTests"/>
  <testcase name="test_Insert_Coins" time="0.003" classname="com.collinsongroup.test_cases.regression.VendingMachineTests"/>
  <testcase name="test_Change" time="0.002" classname="com.collinsongroup.test_cases.regression.VendingMachineTests"/>
  <testcase name="test_Insufficient_Funds_Buy_Return_Change" time="0.001" classname="com.collinsongroup.test_cases.regression.VendingMachineTests"/>
</testsuite> <!-- Default test -->
